2023-04-01 00:58:22,495 - my_logger - DEBUG - In NLP main
2023-04-01 00:58:22,495 - my_logger - DEBUG - In NLP main
2023-04-01 01:08:24,424 - my_logger - DEBUG - In news main
2023-04-01 01:08:50,548 - my_logger - DEBUG - In NLP main
2023-04-01 01:18:59,227 - my_logger - DEBUG - In NLP main
2023-04-01 01:18:59,227 - my_logger - DEBUG - In NLP main
2023-04-01 01:18:59,237 - my_logger - INFO - <__main__.NLPFile object at 0x7fd02813b220> thread init
2023-04-01 01:19:10,586 - my_logger - DEBUG - In NLP main
2023-04-01 01:19:10,586 - my_logger - DEBUG - In NLP main
2023-04-01 01:19:10,598 - my_logger - INFO - <__main__.NLPFile object at 0x7f9e501fb220> thread init
2023-04-01 01:22:14,848 - my_logger - DEBUG - In NLP main
2023-04-01 01:22:14,855 - my_logger - INFO - <__main__.NLPFile object at 0x7fd7c8103340> thread init
2023-04-01 01:22:43,496 - my_logger - DEBUG - In NLP main
2023-04-01 01:22:43,496 - my_logger - DEBUG - In NLP main
2023-04-01 01:22:58,568 - my_logger - DEBUG - In NLP main
2023-04-01 01:22:58,568 - my_logger - DEBUG - In NLP main
2023-04-01 01:22:58,579 - my_logger - INFO - <__main__.NLPFile object at 0x7fd1e8233340> thread init
2023-04-01 01:26:14,296 - my_logger - DEBUG - In NLP main
2023-04-01 01:26:14,296 - my_logger - DEBUG - In NLP main
2023-04-01 01:26:14,298 - my_logger - INFO - <__main__.NLPFile object at 0x7fa1180e53a0> thread init
2023-04-01 01:27:05,629 - my_logger - DEBUG - In NLP main
2023-04-01 01:27:05,629 - my_logger - DEBUG - In NLP main
2023-04-01 01:27:05,639 - my_logger - INFO - <__main__.NLPFile object at 0x7fefc00ab2e0> thread init
2023-04-01 01:28:29,577 - my_logger - DEBUG - In NLP main
2023-04-01 01:28:29,578 - my_logger - DEBUG - In NLP main
2023-04-01 01:28:29,588 - my_logger - INFO - <__main__.NLPFile object at 0x7fc4b81cd3a0> thread init
2023-04-01 01:29:16,281 - my_logger - DEBUG - In NLP main
2023-04-01 01:29:16,281 - my_logger - DEBUG - In NLP main
2023-04-01 01:29:16,292 - my_logger - INFO - <__main__.NLPFile object at 0x7f89801d53a0> thread init
2023-04-01 01:30:15,638 - my_logger - DEBUG - In news main
2023-04-01 01:30:15,638 - my_logger - INFO - <__main__.NewsFile object at 0x7fa8c81bf820> thread init
2023-04-01 01:33:09,032 - my_logger - DEBUG - In news main
2023-04-01 01:33:26,789 - my_logger - DEBUG - In news main
2023-04-01 01:33:26,789 - my_logger - INFO - <__main__.NewsFile object at 0x7fd2082d9fa0> thread init
2023-04-01 01:33:56,037 - my_logger - DEBUG - In news main
2023-04-01 01:33:56,038 - my_logger - INFO - <__main__.NewsFile object at 0x7ff1601b9fa0> thread init
2023-04-01 01:34:33,096 - my_logger - DEBUG - In news main
2023-04-01 01:34:33,096 - my_logger - INFO - <__main__.NewsFile object at 0x7fa8c0381fa0> thread init
2023-04-01 01:34:33,097 - my_logger - INFO - Queue is empty
2023-04-01 01:34:52,887 - my_logger - DEBUG - In news main
2023-04-01 01:34:52,888 - my_logger - INFO - <__main__.NewsFile object at 0x7f7898418fa0> thread init
2023-04-01 01:34:52,888 - my_logger - INFO - Queue is empty
2023-04-01 01:34:59,666 - my_logger - DEBUG - In news main
2023-04-01 01:34:59,666 - my_logger - INFO - <__main__.NewsFile object at 0x7f90709f1fd0> thread init
2023-04-01 01:34:59,666 - my_logger - INFO - running <__main__.NewsFile object at 0x7f90709f1fd0> from queue
2023-04-01 01:35:27,699 - my_logger - DEBUG - In NLP main
2023-04-01 01:35:27,699 - my_logger - DEBUG - In NLP main
2023-04-01 01:35:27,706 - my_logger - INFO - <__main__.NLPFile object at 0x7fcfa814b2e0> thread init
2023-04-01 01:35:27,707 - my_logger - INFO - running <__main__.NLPFile object at 0x7fcfa814b2e0> from queue
2023-04-01 01:35:40,841 - my_logger - DEBUG - In NLP main
2023-04-01 01:35:40,841 - my_logger - DEBUG - In NLP main
2023-04-01 01:35:40,849 - my_logger - INFO - <__main__.NLPFile object at 0x7fb3180cb2e0> thread init
2023-04-01 01:35:40,849 - my_logger - INFO - running <__main__.NLPFile object at 0x7fb3180cb2e0> from queue
2023-04-01 01:36:33,656 - my_logger - DEBUG - In news main
2023-04-01 01:36:33,656 - my_logger - INFO - <__main__.NewsFile object at 0x7fd1e0800fd0> thread init
2023-04-01 01:36:33,656 - my_logger - INFO - running <__main__.NewsFile object at 0x7fd1e0800fd0> from queue
2023-04-01 01:37:07,571 - my_logger - DEBUG - In news main
2023-04-01 01:37:07,571 - my_logger - INFO - <__main__.NewsFile object at 0x7fd8b84f0fd0> thread init
2023-04-01 01:37:07,571 - my_logger - INFO - running <__main__.NewsFile object at 0x7fd8b84f0fd0> from queue
2023-04-01 01:37:49,691 - my_logger - DEBUG - In news main
2023-04-01 01:37:49,691 - my_logger - INFO - <__main__.NewsFile object at 0x7fe3f0481fd0> thread init
2023-04-01 01:37:49,691 - my_logger - INFO - running <__main__.NewsFile object at 0x7fe3f0481fd0> from queue
2023-04-01 01:38:16,919 - my_logger - DEBUG - In news main
2023-04-01 01:38:16,919 - my_logger - INFO - <__main__.NewsFile object at 0x7fb8d8289fd0> thread init
2023-04-01 01:38:16,919 - my_logger - INFO - running <__main__.NewsFile object at 0x7fb8d8289fd0> from queue
2023-04-01 01:41:16,953 - my_logger - DEBUG - In news main
2023-04-01 01:41:16,953 - my_logger - INFO - <__main__.NewsFile object at 0x7fafb050f850> thread init
2023-04-01 01:41:16,953 - my_logger - INFO - running <__main__.NewsFile object at 0x7fafb050f850> from queue
2023-04-01 01:41:16,953 - my_logger - INFO - getKeywords finish, in callback
2023-04-01 01:41:26,824 - my_logger - DEBUG - In NLP main
2023-04-01 01:41:26,824 - my_logger - DEBUG - In NLP main
2023-04-01 01:41:26,836 - my_logger - INFO - <__main__.NLPFile object at 0x7fce481eb2e0> thread init
2023-04-01 01:41:26,836 - my_logger - INFO - running <__main__.NLPFile object at 0x7fce481eb2e0> from queue
2023-04-01 01:41:26,837 - my_logger - INFO - analyzeSyntax finish, in callback
